<?xml version="1.0" encoding="UTF-8"?>
<testng-results ignored="1" total="2" passed="1" failed="0" skipped="0">
  <reporter-output>
  </reporter-output>
  <suite started-at="2021-11-26T21:27:12 IST" name="Default suite" finished-at="2021-11-26T21:27:44 IST" duration-ms="31971">
    <groups>
    </groups>
    <test started-at="2021-11-26T21:27:12 IST" name="Default test" finished-at="2021-11-26T21:27:44 IST" duration-ms="31971">
      <class name="com.qa.ui.tests.searchPageTest">
        <test-method is-config="true" signature="setUp()[pri:0, instance:com.qa.ui.tests.searchPageTest@221a3fa4]" started-at="2021-11-26T21:27:12 IST" name="setUp" finished-at="2021-11-26T21:27:31 IST" duration-ms="19513" status="PASS">
          <reporter-output>
          </reporter-output>
        </test-method> <!-- setUp -->
        <test-method signature="searchCity()[pri:2, instance:com.qa.ui.tests.searchPageTest@221a3fa4]" started-at="2021-11-26T21:27:31 IST" name="searchCity" finished-at="2021-11-26T21:27:40 IST" duration-ms="8695" status="PASS">
          <reporter-output>
          </reporter-output>
        </test-method> <!-- searchCity -->
        <test-method is-config="true" signature="tearDown()[pri:0, instance:com.qa.ui.tests.searchPageTest@221a3fa4]" started-at="2021-11-26T21:27:40 IST" name="tearDown" finished-at="2021-11-26T21:27:44 IST" duration-ms="3702" status="PASS">
          <reporter-output>
          </reporter-output>
        </test-method> <!-- tearDown -->
      </class> <!-- com.qa.ui.tests.searchPageTest -->
    </test> <!-- Default test -->
  </suite> <!-- Default suite -->
</testng-results>
