<?xml version="1.0" encoding="UTF-8"?>
<!-- Generated by org.testng.reporters.JUnitXMLReporter -->
<testsuite ignored="1" hostname="LT14-DBR1-IND" failures="0" tests="1" name="Default test" time="31.971" errors="0" timestamp="2021-11-26T21:27:44 IST">
  <testcase classname="com.qa.ui.tests.searchPageTest" name="searchCity" time="8.695"/>
  <testcase classname="com.qa.ui.tests.searchPageTest" name="validateSearchPageTitle" time="0.0">
    <ignored/>
  </testcase> <!-- validateSearchPageTitle -->
</testsuite> <!-- Default test -->
