<?xml version="1.0" encoding="UTF-8"?>
<testsuite xmlns:xsi="http://www.w3.org/2001/XMLSchema-instance" xsi:noNamespaceSchemaLocation="https://maven.apache.org/surefire/maven-surefire-plugin/xsd/surefire-test-report-3.0.xsd" version="3.0" name="TestSuite" time="25.936" tests="2" errors="0" skipped="1" failures="1">
  <properties>
[...]
</properties>
  <testcase name="setUp" classname="com.qa.ui.tests.searchPageTest" time="25.68">
    <failure message="Timeout loading page after 20000ms&#10;Build info: version: &apos;4.0.0&apos;, revision: &apos;3a21814679&apos;&#10;System info: host: &apos;LT14-DBR1-IND&apos;, ip: &apos;172.20.10.2&apos;, os.name: &apos;Windows 10&apos;, os.arch: &apos;amd64&apos;, os.version: &apos;10.0&apos;, java.version: &apos;16.0.2&apos;&#10;Driver info: org.openqa.selenium.firefox.FirefoxDriver&#10;Command: [a914dc46-0f97-4341-9964-21013fa7b525, get {url=https://www.accuweather.com/}]&#10;Capabilities {acceptInsecureCerts: true, browserName: firefox, browserVersion: 78.15.0, javascriptEnabled: true, moz:accessibilityChecks: false, moz:buildID: 20210927121355, moz:geckodriverVersion: 0.30.0, moz:headless: false, moz:processID: 19096, moz:profile: C:\Users\DBR1\AppData\Local..., moz:shutdownTimeout: 60000, moz:useNonSpecCompliantPointerOrigin: false, moz:webdriverClick: true, pageLoadStrategy: normal, platform: WINDOWS, platformName: WINDOWS, platformVersion: 10.0, rotatable: false, setWindowRect: true, strictFileInteractability: false, timeouts: {implicit: 0, pageLoad: 300000, script: 30000}, unhandledPromptBehavior: dismiss and notify}&#10;Session ID: a914dc46-0f97-4341-9964-21013fa7b525" type="org.openqa.selenium.TimeoutException"><![CDATA[org.openqa.selenium.TimeoutException: 
Timeout loading page after 20000ms
Build info: version: '4.0.0', revision: '3a21814679'
System info: host: 'LT14-DBR1-IND', ip: '172.20.10.2', os.name: 'Windows 10', os.arch: 'amd64', os.version: '10.0', java.version: '16.0.2'
Driver info: org.openqa.selenium.firefox.FirefoxDriver
Command: [a914dc46-0f97-4341-9964-21013fa7b525, get {url=https://www.accuweather.com/}]
Capabilities {acceptInsecureCerts: true, browserName: firefox, browserVersion: 78.15.0, javascriptEnabled: true, moz:accessibilityChecks: false, moz:buildID: 20210927121355, moz:geckodriverVersion: 0.30.0, moz:headless: false, moz:processID: 19096, moz:profile: C:\Users\DBR1\AppData\Local..., moz:shutdownTimeout: 60000, moz:useNonSpecCompliantPointerOrigin: false, moz:webdriverClick: true, pageLoadStrategy: normal, platform: WINDOWS, platformName: WINDOWS, platformVersion: 10.0, rotatable: false, setWindowRect: true, strictFileInteractability: false, timeouts: {implicit: 0, pageLoad: 300000, script: 30000}, unhandledPromptBehavior: dismiss and notify}
Session ID: a914dc46-0f97-4341-9964-21013fa7b525
	at com.qa.ui.tests.searchPageTest.setUp(searchPageTest.java:24)
]]></failure>
    <system-out><![CDATA[https://www.accuweather.com/
]]></system-out>
    <system-err><![CDATA[SLF4J: Failed to load class "org.slf4j.impl.StaticLoggerBinder".
SLF4J: Defaulting to no-operation (NOP) logger implementation
SLF4J: See http://www.slf4j.org/codes.html#StaticLoggerBinder for further details.
ERROR StatusLogger Log4j2 could not find a logging implementation. Please add log4j-core to the classpath. Using SimpleLogger to log to the console...
1637934624753	geckodriver	INFO	Listening on 127.0.0.1:61890
1637934625164	mozrunner::runner	INFO	Running command: "C:\\Program Files (x86)\\Mozilla Firefox\\firefox.exe" "--marionette" "--remote-debugging-port" "60933" "-no-remote" "-profile" "C:\\Users\\DBR1\\AppData\\Local\\Temp\\rust_mozprofileRtpPqN"
JavaScript error: resource://gre/modules/XULStore.jsm, line 66: Error: Can't find profile directory.
1637934628142	Marionette	INFO	Listening on port 52276
1637934628367	Marionette	WARN	TLS certificate errors will be ignored for this session
Nov 26, 2021 7:20:28 PM org.openqa.selenium.remote.ProtocolHandshake createSession
INFO: Detected dialect: W3C
JavaScript error: resource://gre/modules/URIFixup.jsm, line 288: NS_ERROR_FAILURE: Should pass a non-null uri
]]></system-err>
  </testcase>
  <testcase name="validateSearchPageTitle" classname="com.qa.ui.tests.searchPageTest" time="0">
    <skipped message="Timeout loading page after 20000ms&#10;Build info: version: &apos;4.0.0&apos;, revision: &apos;3a21814679&apos;&#10;System info: host: &apos;LT14-DBR1-IND&apos;, ip: &apos;172.20.10.2&apos;, os.name: &apos;Windows 10&apos;, os.arch: &apos;amd64&apos;, os.version: &apos;10.0&apos;, java.version: &apos;16.0.2&apos;&#10;Driver info: org.openqa.selenium.firefox.FirefoxDriver&#10;Command: [a914dc46-0f97-4341-9964-21013fa7b525, get {url=https://www.accuweather.com/}]&#10;Capabilities {acceptInsecureCerts: true, browserName: firefox, browserVersion: 78.15.0, javascriptEnabled: true, moz:accessibilityChecks: false, moz:buildID: 20210927121355, moz:geckodriverVersion: 0.30.0, moz:headless: false, moz:processID: 19096, moz:profile: C:\Users\DBR1\AppData\Local..., moz:shutdownTimeout: 60000, moz:useNonSpecCompliantPointerOrigin: false, moz:webdriverClick: true, pageLoadStrategy: normal, platform: WINDOWS, platformName: WINDOWS, platformVersion: 10.0, rotatable: false, setWindowRect: true, strictFileInteractability: false, timeouts: {implicit: 0, pageLoad: 300000, script: 30000}, unhandledPromptBehavior: dismiss and notify}&#10;Session ID: a914dc46-0f97-4341-9964-21013fa7b525"/>
  </testcase>
</testsuite>